entry§main§12194877941443104942§§§src\Main.hs§6§1§src\Main.hs§6§1§
entry§analyze§5118804561421889471§main§12194877941443104942§src\HieDUGraphGenerator.hs§94§1§src\Main.hs§7§15§
entry§analyzeAsts§13523337292905528653§analyze§5118804561421889471§src\HieDUGraphGenerator.hs§88§1§src\HieDUGraphGenerator.hs§97§12§
entry§analyzeAst§12446575532425567544§analyzeAsts§13523337292905528653§src\HieDUGraphGenerator.hs§42§1§src\HieDUGraphGenerator.hs§88§61§
entry§isMember§1134433289461685044§analyzeAst§12446575532425567544§src\HieDUGraphGenerator.hs§25§1§src\HieDUGraphGenerator.hs§59§22§
entry§convertToDefUses§10811220645942199804§analyzeAsts§13523337292905528653§src\HieDUGraphGenerator.hs§85§1§src\HieDUGraphGenerator.hs§88§42§
entry§analyzeAst§10515557334840671317§analyzeAst§12446575532425567544§src\HieDUGraphGenerator.hs§42§1§src\HieDUGraphGenerator.hs§56§29§
entry§isMember§18299410066908813736§analyzeAst§10515557334840671317§src\HieDUGraphGenerator.hs§25§1§src\HieDUGraphGenerator.hs§59§22§
entry§getType§17965288612310178603§analyzeAst§10515557334840671317§src\HieDUGraphGenerator.hs§38§1§src\HieDUGraphGenerator.hs§51§20§
entry§convertToDefUse§6390138713796313449§convertToDefUses§10811220645942199804§src\HieDUGraphGenerator.hs§67§1§src\HieDUGraphGenerator.hs§85§62§
entry§analyzeAst§6934122318312884432§analyzeAst§12446575532425567544§src\HieDUGraphGenerator.hs§42§1§src\HieDUGraphGenerator.hs§56§29§
entry§isMember§12602924433280250240§analyzeAst§6934122318312884432§src\HieDUGraphGenerator.hs§25§1§src\HieDUGraphGenerator.hs§59§22§
entry§getType§4105822835187452358§analyzeAst§6934122318312884432§src\HieDUGraphGenerator.hs§38§1§src\HieDUGraphGenerator.hs§51§20§
entry§analyzeAst§12909656004390969253§analyzeAst§12446575532425567544§src\HieDUGraphGenerator.hs§42§1§src\HieDUGraphGenerator.hs§56§29§
entry§isMember§9518828723186227213§analyzeAst§12909656004390969253§src\HieDUGraphGenerator.hs§25§1§src\HieDUGraphGenerator.hs§59§22§
entry§getType§3775923176838478010§analyzeAst§12909656004390969253§src\HieDUGraphGenerator.hs§38§1§src\HieDUGraphGenerator.hs§51§20§
entry§convertToDefUse§7503416959563576260§convertToDefUses§10811220645942199804§src\HieDUGraphGenerator.hs§67§1§src\HieDUGraphGenerator.hs§85§62§
entry§analyzeAst§13105193180688024622§analyzeAst§12446575532425567544§src\HieDUGraphGenerator.hs§42§1§src\HieDUGraphGenerator.hs§56§29§
entry§isMember§12748310031645171275§analyzeAst§13105193180688024622§src\HieDUGraphGenerator.hs§25§1§src\HieDUGraphGenerator.hs§59§22§
entry§getType§136973071736855081§analyzeAst§13105193180688024622§src\HieDUGraphGenerator.hs§38§1§src\HieDUGraphGenerator.hs§51§20§
entry§analyzeAst§187333903930883852§analyzeAst§12446575532425567544§src\HieDUGraphGenerator.hs§42§1§src\HieDUGraphGenerator.hs§56§29§
entry§isMember§18103685477364708774§analyzeAst§187333903930883852§src\HieDUGraphGenerator.hs§25§1§src\HieDUGraphGenerator.hs§59§22§
entry§getType§12648665171545102628§analyzeAst§187333903930883852§src\HieDUGraphGenerator.hs§38§1§src\HieDUGraphGenerator.hs§51§20§
entry§analyzeAst§13843250340150377132§analyzeAst§12446575532425567544§src\HieDUGraphGenerator.hs§42§1§src\HieDUGraphGenerator.hs§56§29§
entry§isMember§17013031114425125345§analyzeAst§13843250340150377132§src\HieDUGraphGenerator.hs§25§1§src\HieDUGraphGenerator.hs§59§22§
entry§getType§9118084032150911739§analyzeAst§13843250340150377132§src\HieDUGraphGenerator.hs§38§1§src\HieDUGraphGenerator.hs§51§20§
entry§analyzeAst§2720812205084032475§analyzeAst§12446575532425567544§src\HieDUGraphGenerator.hs§42§1§src\HieDUGraphGenerator.hs§56§29§
entry§isMember§2508932225577416576§analyzeAst§2720812205084032475§src\HieDUGraphGenerator.hs§25§1§src\HieDUGraphGenerator.hs§59§22§
entry§getType§6947500351234614663§analyzeAst§2720812205084032475§src\HieDUGraphGenerator.hs§38§1§src\HieDUGraphGenerator.hs§51§20§
entry§convertToDefUse§4194687031697024064§convertToDefUses§10811220645942199804§src\HieDUGraphGenerator.hs§67§1§src\HieDUGraphGenerator.hs§85§62§
entry§analyzeAst§3914628940200739344§analyzeAst§12446575532425567544§src\HieDUGraphGenerator.hs§42§1§src\HieDUGraphGenerator.hs§56§29§
entry§isMember§13839257026901109696§analyzeAst§3914628940200739344§src\HieDUGraphGenerator.hs§25§1§src\HieDUGraphGenerator.hs§59§22§
entry§getType§10090966686293172577§analyzeAst§3914628940200739344§src\HieDUGraphGenerator.hs§38§1§src\HieDUGraphGenerator.hs§51§20§
entry§convertToDefUse§1943249027010167648§convertToDefUses§10811220645942199804§src\HieDUGraphGenerator.hs§67§1§src\HieDUGraphGenerator.hs§85§62§
entry§convertToDefUse§5451440274529293140§convertToDefUses§10811220645942199804§src\HieDUGraphGenerator.hs§67§1§src\HieDUGraphGenerator.hs§85§62§
entry§convertToDefUse§10783624753923788399§convertToDefUses§10811220645942199804§src\HieDUGraphGenerator.hs§67§1§src\HieDUGraphGenerator.hs§85§62§
entry§convertToDefUse§14819298852114854976§convertToDefUses§10811220645942199804§src\HieDUGraphGenerator.hs§67§1§src\HieDUGraphGenerator.hs§85§62§
entry§convertToDefUse§7437585412682521452§convertToDefUses§10811220645942199804§src\HieDUGraphGenerator.hs§67§1§src\HieDUGraphGenerator.hs§85§62§
entry§convertToDefUses§259147048947143808§convertToDefUse§7437585412682521452§src\HieDUGraphGenerator.hs§85§1§src\HieDUGraphGenerator.hs§72§99§
entry§analyzeAst§11070663249719782107§analyzeAst§6934122318312884432§src\HieDUGraphGenerator.hs§42§1§src\HieDUGraphGenerator.hs§56§29§
entry§isMember§9402475002556431907§analyzeAst§11070663249719782107§src\HieDUGraphGenerator.hs§25§1§src\HieDUGraphGenerator.hs§59§22§
entry§getType§10382501234283954885§analyzeAst§11070663249719782107§src\HieDUGraphGenerator.hs§38§1§src\HieDUGraphGenerator.hs§51§20§
entry§analyzeIdentifer§1590156811811538821§analyzeAst§11070663249719782107§src\HieDUGraphGenerator.hs§33§1§src\HieDUGraphGenerator.hs§53§68§
entry§analyzeAst§10202997492151103649§analyzeAst§6934122318312884432§src\HieDUGraphGenerator.hs§42§1§src\HieDUGraphGenerator.hs§56§29§
entry§isMember§3612733848552367458§analyzeAst§10202997492151103649§src\HieDUGraphGenerator.hs§25§1§src\HieDUGraphGenerator.hs§59§22§
entry§getType§8111784783151311299§analyzeAst§10202997492151103649§src\HieDUGraphGenerator.hs§38§1§src\HieDUGraphGenerator.hs§51§20§
entry§convertToDefUse§17671906037804997835§convertToDefUses§259147048947143808§src\HieDUGraphGenerator.hs§67§1§src\HieDUGraphGenerator.hs§85§62§
entry§analyzeAst§8825044417948329915§analyzeAst§10202997492151103649§src\HieDUGraphGenerator.hs§42§1§src\HieDUGraphGenerator.hs§56§29§
entry§isMember§2035217886600598698§analyzeAst§8825044417948329915§src\HieDUGraphGenerator.hs§25§1§src\HieDUGraphGenerator.hs§59§22§
entry§getType§16363554495533177920§analyzeAst§8825044417948329915§src\HieDUGraphGenerator.hs§38§1§src\HieDUGraphGenerator.hs§51§20§
entry§analyzeIdentifer§3794729920580682455§analyzeAst§8825044417948329915§src\HieDUGraphGenerator.hs§33§1§src\HieDUGraphGenerator.hs§53§68§
entry§analyzeIdentifer§6805612891482663293§analyzeAst§8825044417948329915§src\HieDUGraphGenerator.hs§33§1§src\HieDUGraphGenerator.hs§53§68§
entry§convertToDefUse§7414146717497826664§convertToDefUse§17671906037804997835§src\HieDUGraphGenerator.hs§67§1§src\HieDUGraphGenerator.hs§78§58§
entry§convertToDefUse§2393158314154190298§convertToDefUses§259147048947143808§src\HieDUGraphGenerator.hs§67§1§src\HieDUGraphGenerator.hs§85§62§
entry§convertToDefUses§9412262611192437753§convertToDefUse§14819298852114854976§src\HieDUGraphGenerator.hs§85§1§src\HieDUGraphGenerator.hs§72§99§
entry§analyzeAst§4038218203452542638§analyzeAst§13105193180688024622§src\HieDUGraphGenerator.hs§42§1§src\HieDUGraphGenerator.hs§56§29§
entry§isMember§5327818128779559860§analyzeAst§4038218203452542638§src\HieDUGraphGenerator.hs§25§1§src\HieDUGraphGenerator.hs§59§22§
entry§getType§8797639192113426836§analyzeAst§4038218203452542638§src\HieDUGraphGenerator.hs§38§1§src\HieDUGraphGenerator.hs§51§20§
entry§analyzeAst§12020369715761604569§analyzeAst§13105193180688024622§src\HieDUGraphGenerator.hs§42§1§src\HieDUGraphGenerator.hs§56§29§
entry§isMember§17344865593922032016§analyzeAst§12020369715761604569§src\HieDUGraphGenerator.hs§25§1§src\HieDUGraphGenerator.hs§59§22§
entry§getType§5479833254502510200§analyzeAst§12020369715761604569§src\HieDUGraphGenerator.hs§38§1§src\HieDUGraphGenerator.hs§51§20§
entry§convertToDefUse§13481919738914720212§convertToDefUses§9412262611192437753§src\HieDUGraphGenerator.hs§67§1§src\HieDUGraphGenerator.hs§85§62§
entry§convertToDefUse§15980505518591019895§convertToDefUses§9412262611192437753§src\HieDUGraphGenerator.hs§67§1§src\HieDUGraphGenerator.hs§85§62§
entry§convertToDefUses§4969907105719416106§convertToDefUse§15980505518591019895§src\HieDUGraphGenerator.hs§85§1§src\HieDUGraphGenerator.hs§73§99§
entry§analyzeAst§10310745597336955908§analyzeAst§4038218203452542638§src\HieDUGraphGenerator.hs§42§1§src\HieDUGraphGenerator.hs§56§29§
entry§isMember§8671907545611106045§analyzeAst§10310745597336955908§src\HieDUGraphGenerator.hs§25§1§src\HieDUGraphGenerator.hs§59§22§
entry§getType§10210978621670169742§analyzeAst§10310745597336955908§src\HieDUGraphGenerator.hs§38§1§src\HieDUGraphGenerator.hs§51§20§
entry§analyzeIdentifer§18360631399845175649§analyzeAst§10310745597336955908§src\HieDUGraphGenerator.hs§33§1§src\HieDUGraphGenerator.hs§53§68§
entry§analyzeAst§11792508599290710425§analyzeAst§4038218203452542638§src\HieDUGraphGenerator.hs§42§1§src\HieDUGraphGenerator.hs§56§29§
entry§isMember§16237346766157866043§analyzeAst§11792508599290710425§src\HieDUGraphGenerator.hs§25§1§src\HieDUGraphGenerator.hs§59§22§
entry§getType§16011477520447869585§analyzeAst§11792508599290710425§src\HieDUGraphGenerator.hs§38§1§src\HieDUGraphGenerator.hs§51§20§
entry§analyzeIdentifer§15459402743303911516§analyzeAst§11792508599290710425§src\HieDUGraphGenerator.hs§33§1§src\HieDUGraphGenerator.hs§53§68§
entry§analyzeAst§16267746755762776258§analyzeAst§4038218203452542638§src\HieDUGraphGenerator.hs§42§1§src\HieDUGraphGenerator.hs§56§29§
entry§isMember§6034140760169208518§analyzeAst§16267746755762776258§src\HieDUGraphGenerator.hs§25§1§src\HieDUGraphGenerator.hs§59§22§
entry§getType§16510992810911980769§analyzeAst§16267746755762776258§src\HieDUGraphGenerator.hs§38§1§src\HieDUGraphGenerator.hs§51§20§
entry§convertToDefUse§7493193025227021240§convertToDefUses§4969907105719416106§src\HieDUGraphGenerator.hs§67§1§src\HieDUGraphGenerator.hs§85§62§
entry§analyzeAst§2965658172646131208§analyzeAst§16267746755762776258§src\HieDUGraphGenerator.hs§42§1§src\HieDUGraphGenerator.hs§56§29§
entry§isMember§12904983250115558751§analyzeAst§2965658172646131208§src\HieDUGraphGenerator.hs§25§1§src\HieDUGraphGenerator.hs§59§22§
entry§getType§6761107804620536944§analyzeAst§2965658172646131208§src\HieDUGraphGenerator.hs§38§1§src\HieDUGraphGenerator.hs§51§20§
entry§analyzeAst§12639147594826902364§analyzeAst§16267746755762776258§src\HieDUGraphGenerator.hs§42§1§src\HieDUGraphGenerator.hs§56§29§
entry§isMember§4501580685135709638§analyzeAst§12639147594826902364§src\HieDUGraphGenerator.hs§25§1§src\HieDUGraphGenerator.hs§59§22§
entry§getType§13894581921033525484§analyzeAst§12639147594826902364§src\HieDUGraphGenerator.hs§38§1§src\HieDUGraphGenerator.hs§51§20§
entry§convertToDefUse§9519877930956608735§convertToDefUse§7493193025227021240§src\HieDUGraphGenerator.hs§67§1§src\HieDUGraphGenerator.hs§78§58§
entry§convertToDefUse§13177673792948050959§convertToDefUse§7493193025227021240§src\HieDUGraphGenerator.hs§67§1§src\HieDUGraphGenerator.hs§78§58§
entry§convertToDefUse§1115575492685162111§convertToDefUses§4969907105719416106§src\HieDUGraphGenerator.hs§67§1§src\HieDUGraphGenerator.hs§85§62§
entry§convertToDefUse§5811639298808716406§convertToDefUses§4969907105719416106§src\HieDUGraphGenerator.hs§67§1§src\HieDUGraphGenerator.hs§85§62§
entry§convertToDefUses§8815407507125111780§convertToDefUse§13177673792948050959§src\HieDUGraphGenerator.hs§85§1§src\HieDUGraphGenerator.hs§75§99§
entry§analyzeAst§9371881002716075267§analyzeAst§2965658172646131208§src\HieDUGraphGenerator.hs§42§1§src\HieDUGraphGenerator.hs§56§29§
entry§isMember§15959330332013191401§analyzeAst§9371881002716075267§src\HieDUGraphGenerator.hs§25§1§src\HieDUGraphGenerator.hs§59§22§
entry§getType§17236234937196044664§analyzeAst§9371881002716075267§src\HieDUGraphGenerator.hs§38§1§src\HieDUGraphGenerator.hs§51§20§
entry§analyzeAst§9505572544387338982§analyzeAst§2965658172646131208§src\HieDUGraphGenerator.hs§42§1§src\HieDUGraphGenerator.hs§56§29§
entry§isMember§93945059202079093§analyzeAst§9505572544387338982§src\HieDUGraphGenerator.hs§25§1§src\HieDUGraphGenerator.hs§59§22§
entry§getType§17284202192133577423§analyzeAst§9505572544387338982§src\HieDUGraphGenerator.hs§38§1§src\HieDUGraphGenerator.hs§51§20§
entry§analyzeIdentifer§8606841308629388740§analyzeAst§9505572544387338982§src\HieDUGraphGenerator.hs§33§1§src\HieDUGraphGenerator.hs§53§68§
entry§analyzeAst§17250365046129590977§analyzeAst§2965658172646131208§src\HieDUGraphGenerator.hs§42§1§src\HieDUGraphGenerator.hs§56§29§
entry§isMember§3337690328836712469§analyzeAst§17250365046129590977§src\HieDUGraphGenerator.hs§25§1§src\HieDUGraphGenerator.hs§59§22§
entry§getType§8375577132252474650§analyzeAst§17250365046129590977§src\HieDUGraphGenerator.hs§38§1§src\HieDUGraphGenerator.hs§51§20§
entry§analyzeIdentifer§16038289659218086405§analyzeAst§17250365046129590977§src\HieDUGraphGenerator.hs§33§1§src\HieDUGraphGenerator.hs§53§68§
entry§convertToDefUse§16533637887562146487§convertToDefUses§8815407507125111780§src\HieDUGraphGenerator.hs§67§1§src\HieDUGraphGenerator.hs§85§62§
entry§convertToDefUse§5621638558735588535§convertToDefUses§8815407507125111780§src\HieDUGraphGenerator.hs§67§1§src\HieDUGraphGenerator.hs§85§62§
entry§convertToDefUse§6456795947919783554§convertToDefUses§8815407507125111780§src\HieDUGraphGenerator.hs§67§1§src\HieDUGraphGenerator.hs§85§62§
entry§convertToDefUses§11194190691814354924§convertToDefUse§6456795947919783554§src\HieDUGraphGenerator.hs§85§1§src\HieDUGraphGenerator.hs§74§99§
entry§analyzeAst§3720748319637010489§analyzeAst§9371881002716075267§src\HieDUGraphGenerator.hs§42§1§src\HieDUGraphGenerator.hs§56§29§
entry§isMember§5423213770502955456§analyzeAst§3720748319637010489§src\HieDUGraphGenerator.hs§25§1§src\HieDUGraphGenerator.hs§59§22§
entry§getType§10385211199338345320§analyzeAst§3720748319637010489§src\HieDUGraphGenerator.hs§38§1§src\HieDUGraphGenerator.hs§51§20§
entry§analyzeIdentifer§7612798101881751134§analyzeAst§3720748319637010489§src\HieDUGraphGenerator.hs§33§1§src\HieDUGraphGenerator.hs§53§68§
entry§analyzeAst§13459232542405039266§analyzeAst§9371881002716075267§src\HieDUGraphGenerator.hs§42§1§src\HieDUGraphGenerator.hs§56§29§
entry§isMember§9386554002091393290§analyzeAst§13459232542405039266§src\HieDUGraphGenerator.hs§25§1§src\HieDUGraphGenerator.hs§59§22§
entry§getType§17983496207614087621§analyzeAst§13459232542405039266§src\HieDUGraphGenerator.hs§38§1§src\HieDUGraphGenerator.hs§51§20§
entry§analyzeIdentifer§3968959736624330140§analyzeAst§13459232542405039266§src\HieDUGraphGenerator.hs§33§1§src\HieDUGraphGenerator.hs§53§68§
entry§analyzeIdentifer§3883429065779096826§analyzeAst§13459232542405039266§src\HieDUGraphGenerator.hs§33§1§src\HieDUGraphGenerator.hs§53§68§
entry§analyzeAst§3525422780778526423§analyzeAst§9371881002716075267§src\HieDUGraphGenerator.hs§42§1§src\HieDUGraphGenerator.hs§56§29§
entry§isMember§12749807402579274846§analyzeAst§3525422780778526423§src\HieDUGraphGenerator.hs§25§1§src\HieDUGraphGenerator.hs§59§22§
entry§getType§3238754253011851031§analyzeAst§3525422780778526423§src\HieDUGraphGenerator.hs§38§1§src\HieDUGraphGenerator.hs§51§20§
entry§convertToDefUse§11099986595245454411§convertToDefUses§11194190691814354924§src\HieDUGraphGenerator.hs§67§1§src\HieDUGraphGenerator.hs§85§62§
entry§convertToDefUse§8427222398038814471§convertToDefUses§11194190691814354924§src\HieDUGraphGenerator.hs§67§1§src\HieDUGraphGenerator.hs§85§62§
entry§convertToDefUse§6984039558607937943§convertToDefUses§11194190691814354924§src\HieDUGraphGenerator.hs§67§1§src\HieDUGraphGenerator.hs§85§62§
entry§convertToDefUses§6992060165074726414§convertToDefUse§13481919738914720212§src\HieDUGraphGenerator.hs§85§1§src\HieDUGraphGenerator.hs§73§99§
entry§analyzeAst§9077668636986261004§analyzeAst§12020369715761604569§src\HieDUGraphGenerator.hs§42§1§src\HieDUGraphGenerator.hs§56§29§
entry§isMember§13198261414331450467§analyzeAst§9077668636986261004§src\HieDUGraphGenerator.hs§25§1§src\HieDUGraphGenerator.hs§59§22§
entry§getType§4024723039480215786§analyzeAst§9077668636986261004§src\HieDUGraphGenerator.hs§38§1§src\HieDUGraphGenerator.hs§51§20§
entry§analyzeIdentifer§17782296427270225352§analyzeAst§9077668636986261004§src\HieDUGraphGenerator.hs§33§1§src\HieDUGraphGenerator.hs§53§68§
entry§analyzeAst§12122100356585719396§analyzeAst§12020369715761604569§src\HieDUGraphGenerator.hs§42§1§src\HieDUGraphGenerator.hs§56§29§
entry§isMember§16126764769978712170§analyzeAst§12122100356585719396§src\HieDUGraphGenerator.hs§25§1§src\HieDUGraphGenerator.hs§59§22§
entry§getType§3694427644176064436§analyzeAst§12122100356585719396§src\HieDUGraphGenerator.hs§38§1§src\HieDUGraphGenerator.hs§51§20§
entry§analyzeIdentifer§13859518642442283741§analyzeAst§12122100356585719396§src\HieDUGraphGenerator.hs§33§1§src\HieDUGraphGenerator.hs§53§68§
entry§analyzeAst§3938277897234821624§analyzeAst§12020369715761604569§src\HieDUGraphGenerator.hs§42§1§src\HieDUGraphGenerator.hs§56§29§
entry§isMember§15424495287111740329§analyzeAst§3938277897234821624§src\HieDUGraphGenerator.hs§25§1§src\HieDUGraphGenerator.hs§59§22§
entry§getType§10570547619713718674§analyzeAst§3938277897234821624§src\HieDUGraphGenerator.hs§38§1§src\HieDUGraphGenerator.hs§51§20§
entry§convertToDefUse§423102669406170201§convertToDefUses§6992060165074726414§src\HieDUGraphGenerator.hs§67§1§src\HieDUGraphGenerator.hs§85§62§
entry§analyzeAst§11525309074649663378§analyzeAst§3938277897234821624§src\HieDUGraphGenerator.hs§42§1§src\HieDUGraphGenerator.hs§56§29§
entry§isMember§14100280468156809359§analyzeAst§11525309074649663378§src\HieDUGraphGenerator.hs§25§1§src\HieDUGraphGenerator.hs§59§22§
entry§getType§15645319393333636526§analyzeAst§11525309074649663378§src\HieDUGraphGenerator.hs§38§1§src\HieDUGraphGenerator.hs§51§20§
entry§convertToDefUse§4699880093602483719§convertToDefUse§423102669406170201§src\HieDUGraphGenerator.hs§67§1§src\HieDUGraphGenerator.hs§78§58§
entry§convertToDefUse§1884113525725446279§convertToDefUses§6992060165074726414§src\HieDUGraphGenerator.hs§67§1§src\HieDUGraphGenerator.hs§85§62§
entry§convertToDefUse§3541178172454368843§convertToDefUses§6992060165074726414§src\HieDUGraphGenerator.hs§67§1§src\HieDUGraphGenerator.hs§85§62§
entry§convertToDefUses§16376087800665325073§convertToDefUse§4699880093602483719§src\HieDUGraphGenerator.hs§85§1§src\HieDUGraphGenerator.hs§76§99§
entry§analyzeAst§9572498665998337705§analyzeAst§11525309074649663378§src\HieDUGraphGenerator.hs§42§1§src\HieDUGraphGenerator.hs§56§29§
entry§isMember§5174412517502863248§analyzeAst§9572498665998337705§src\HieDUGraphGenerator.hs§25§1§src\HieDUGraphGenerator.hs§59§22§
entry§getType§14864550809747937061§analyzeAst§9572498665998337705§src\HieDUGraphGenerator.hs§38§1§src\HieDUGraphGenerator.hs§51§20§
entry§analyzeIdentifer§5962376338496735695§analyzeAst§9572498665998337705§src\HieDUGraphGenerator.hs§33§1§src\HieDUGraphGenerator.hs§53§68§
entry§analyzeAst§7825889332543583996§analyzeAst§11525309074649663378§src\HieDUGraphGenerator.hs§42§1§src\HieDUGraphGenerator.hs§56§29§
entry§isMember§14994518984561801101§analyzeAst§7825889332543583996§src\HieDUGraphGenerator.hs§25§1§src\HieDUGraphGenerator.hs§59§22§
entry§getType§2850603352967181458§analyzeAst§7825889332543583996§src\HieDUGraphGenerator.hs§38§1§src\HieDUGraphGenerator.hs§51§20§
entry§convertToDefUse§15657749406498539429§convertToDefUses§16376087800665325073§src\HieDUGraphGenerator.hs§67§1§src\HieDUGraphGenerator.hs§85§62§
entry§convertToDefUse§10994012408194570338§convertToDefUses§16376087800665325073§src\HieDUGraphGenerator.hs§67§1§src\HieDUGraphGenerator.hs§85§62§
entry§convertToDefUses§4928868761175626649§convertToDefUse§10783624753923788399§src\HieDUGraphGenerator.hs§85§1§src\HieDUGraphGenerator.hs§72§99§
entry§analyzeAst§6616000888924347786§analyzeAst§187333903930883852§src\HieDUGraphGenerator.hs§42§1§src\HieDUGraphGenerator.hs§56§29§
entry§isMember§6754660415513676441§analyzeAst§6616000888924347786§src\HieDUGraphGenerator.hs§25§1§src\HieDUGraphGenerator.hs§59§22§
entry§getType§14634067259655074007§analyzeAst§6616000888924347786§src\HieDUGraphGenerator.hs§38§1§src\HieDUGraphGenerator.hs§51§20§
entry§analyzeIdentifer§15231879639249029747§analyzeAst§6616000888924347786§src\HieDUGraphGenerator.hs§33§1§src\HieDUGraphGenerator.hs§53§68§
entry§analyzeAst§13853551495913943026§analyzeAst§187333903930883852§src\HieDUGraphGenerator.hs§42§1§src\HieDUGraphGenerator.hs§56§29§
entry§isMember§9695211498801772283§analyzeAst§13853551495913943026§src\HieDUGraphGenerator.hs§25§1§src\HieDUGraphGenerator.hs§59§22§
entry§getType§17722200475137043422§analyzeAst§13853551495913943026§src\HieDUGraphGenerator.hs§38§1§src\HieDUGraphGenerator.hs§51§20§
entry§analyzeIdentifer§10474911175494551237§analyzeAst§13853551495913943026§src\HieDUGraphGenerator.hs§33§1§src\HieDUGraphGenerator.hs§53§68§
entry§analyzeAst§2410919741337629437§analyzeAst§187333903930883852§src\HieDUGraphGenerator.hs§42§1§src\HieDUGraphGenerator.hs§56§29§
entry§isMember§12698846603191569915§analyzeAst§2410919741337629437§src\HieDUGraphGenerator.hs§25§1§src\HieDUGraphGenerator.hs§59§22§
entry§getType§2282372155755016352§analyzeAst§2410919741337629437§src\HieDUGraphGenerator.hs§38§1§src\HieDUGraphGenerator.hs§51§20§
entry§analyzeIdentifer§5558842438557577867§analyzeAst§2410919741337629437§src\HieDUGraphGenerator.hs§33§1§src\HieDUGraphGenerator.hs§53§68§
entry§analyzeAst§13283857916563859279§analyzeAst§187333903930883852§src\HieDUGraphGenerator.hs§42§1§src\HieDUGraphGenerator.hs§56§29§
entry§isMember§7446694400473310328§analyzeAst§13283857916563859279§src\HieDUGraphGenerator.hs§25§1§src\HieDUGraphGenerator.hs§59§22§
entry§getType§11362462962437490224§analyzeAst§13283857916563859279§src\HieDUGraphGenerator.hs§38§1§src\HieDUGraphGenerator.hs§51§20§
entry§convertToDefUse§4864855688966177868§convertToDefUses§4928868761175626649§src\HieDUGraphGenerator.hs§67§1§src\HieDUGraphGenerator.hs§85§62§
entry§analyzeAst§3812819417120068107§analyzeAst§13283857916563859279§src\HieDUGraphGenerator.hs§42§1§src\HieDUGraphGenerator.hs§56§29§
entry§isMember§6918829582901204860§analyzeAst§3812819417120068107§src\HieDUGraphGenerator.hs§25§1§src\HieDUGraphGenerator.hs§59§22§
entry§getType§9851805338354017284§analyzeAst§3812819417120068107§src\HieDUGraphGenerator.hs§38§1§src\HieDUGraphGenerator.hs§51§20§
entry§convertToDefUse§3229067193816119320§convertToDefUse§4864855688966177868§src\HieDUGraphGenerator.hs§67§1§src\HieDUGraphGenerator.hs§78§58§
entry§convertToDefUse§7525071359435140356§convertToDefUses§4928868761175626649§src\HieDUGraphGenerator.hs§67§1§src\HieDUGraphGenerator.hs§85§62§
entry§convertToDefUse§1318603492794759285§convertToDefUses§4928868761175626649§src\HieDUGraphGenerator.hs§67§1§src\HieDUGraphGenerator.hs§85§62§
entry§convertToDefUse§1933240640062831101§convertToDefUses§4928868761175626649§src\HieDUGraphGenerator.hs§67§1§src\HieDUGraphGenerator.hs§85§62§
entry§convertToDefUses§12740753078812712877§convertToDefUse§3229067193816119320§src\HieDUGraphGenerator.hs§85§1§src\HieDUGraphGenerator.hs§75§99§
entry§analyzeAst§15898810084930772002§analyzeAst§3812819417120068107§src\HieDUGraphGenerator.hs§42§1§src\HieDUGraphGenerator.hs§56§29§
entry§isMember§10459110094952716487§analyzeAst§15898810084930772002§src\HieDUGraphGenerator.hs§25§1§src\HieDUGraphGenerator.hs§59§22§
entry§getType§13403501096717920296§analyzeAst§15898810084930772002§src\HieDUGraphGenerator.hs§38§1§src\HieDUGraphGenerator.hs§51§20§
entry§analyzeAst§10003402680441301768§analyzeAst§3812819417120068107§src\HieDUGraphGenerator.hs§42§1§src\HieDUGraphGenerator.hs§56§29§
entry§isMember§12345194957180827974§analyzeAst§10003402680441301768§src\HieDUGraphGenerator.hs§25§1§src\HieDUGraphGenerator.hs§59§22§
entry§getType§4977659097802467505§analyzeAst§10003402680441301768§src\HieDUGraphGenerator.hs§38§1§src\HieDUGraphGenerator.hs§51§20§
entry§convertToDefUse§5507489805315730717§convertToDefUses§12740753078812712877§src\HieDUGraphGenerator.hs§67§1§src\HieDUGraphGenerator.hs§85§62§
entry§analyzeAst§17778327769045434126§analyzeAst§3812819417120068107§src\HieDUGraphGenerator.hs§42§1§src\HieDUGraphGenerator.hs§56§29§
entry§isMember§1715539888738269505§analyzeAst§17778327769045434126§src\HieDUGraphGenerator.hs§25§1§src\HieDUGraphGenerator.hs§59§22§
entry§getType§4535986353663795059§analyzeAst§17778327769045434126§src\HieDUGraphGenerator.hs§38§1§src\HieDUGraphGenerator.hs§51§20§
entry§convertToDefUse§15870770350903009191§convertToDefUses§12740753078812712877§src\HieDUGraphGenerator.hs§67§1§src\HieDUGraphGenerator.hs§85§62§
entry§convertToDefUse§2887841602267597027§convertToDefUses§12740753078812712877§src\HieDUGraphGenerator.hs§67§1§src\HieDUGraphGenerator.hs§85§62§
entry§convertToDefUses§11238670728071379728§convertToDefUse§2887841602267597027§src\HieDUGraphGenerator.hs§85§1§src\HieDUGraphGenerator.hs§74§99§
entry§analyzeAst§95380799982710912§analyzeAst§15898810084930772002§src\HieDUGraphGenerator.hs§42§1§src\HieDUGraphGenerator.hs§56§29§
entry§isMember§7810350121654079897§analyzeAst§95380799982710912§src\HieDUGraphGenerator.hs§25§1§src\HieDUGraphGenerator.hs§59§22§
entry§getType§4521178316506104082§analyzeAst§95380799982710912§src\HieDUGraphGenerator.hs§38§1§src\HieDUGraphGenerator.hs§51§20§
entry§analyzeIdentifer§12870493930347871518§analyzeAst§95380799982710912§src\HieDUGraphGenerator.hs§33§1§src\HieDUGraphGenerator.hs§53§68§
entry§analyzeAst§15606050985135035667§analyzeAst§15898810084930772002§src\HieDUGraphGenerator.hs§42§1§src\HieDUGraphGenerator.hs§56§29§
entry§isMember§1123497984665673633§analyzeAst§15606050985135035667§src\HieDUGraphGenerator.hs§25§1§src\HieDUGraphGenerator.hs§59§22§
entry§getType§9051022713149580548§analyzeAst§15606050985135035667§src\HieDUGraphGenerator.hs§38§1§src\HieDUGraphGenerator.hs§51§20§
entry§analyzeIdentifer§12935533656929228525§analyzeAst§15606050985135035667§src\HieDUGraphGenerator.hs§33§1§src\HieDUGraphGenerator.hs§53§68§
entry§analyzeIdentifer§17207107788132660173§analyzeAst§15606050985135035667§src\HieDUGraphGenerator.hs§33§1§src\HieDUGraphGenerator.hs§53§68§
entry§analyzeAst§11314166811236216792§analyzeAst§15898810084930772002§src\HieDUGraphGenerator.hs§42§1§src\HieDUGraphGenerator.hs§56§29§
entry§isMember§13889858101534636167§analyzeAst§11314166811236216792§src\HieDUGraphGenerator.hs§25§1§src\HieDUGraphGenerator.hs§59§22§
entry§getType§15040498921107862752§analyzeAst§11314166811236216792§src\HieDUGraphGenerator.hs§38§1§src\HieDUGraphGenerator.hs§51§20§
entry§convertToDefUse§2255346479819571606§convertToDefUses§11238670728071379728§src\HieDUGraphGenerator.hs§67§1§src\HieDUGraphGenerator.hs§85§62§
entry§convertToDefUse§7593025653968460435§convertToDefUses§11238670728071379728§src\HieDUGraphGenerator.hs§67§1§src\HieDUGraphGenerator.hs§85§62§
entry§convertToDefUse§7147812346905829224§convertToDefUses§11238670728071379728§src\HieDUGraphGenerator.hs§67§1§src\HieDUGraphGenerator.hs§85§62§
entry§convertToDefUses§8351420527629342043§convertToDefUse§5451440274529293140§src\HieDUGraphGenerator.hs§85§1§src\HieDUGraphGenerator.hs§72§99§
entry§analyzeAst§3322972591654782198§analyzeAst§13843250340150377132§src\HieDUGraphGenerator.hs§42§1§src\HieDUGraphGenerator.hs§56§29§
entry§isMember§819723458577501096§analyzeAst§3322972591654782198§src\HieDUGraphGenerator.hs§25§1§src\HieDUGraphGenerator.hs§59§22§
entry§getType§2010314346975640953§analyzeAst§3322972591654782198§src\HieDUGraphGenerator.hs§38§1§src\HieDUGraphGenerator.hs§51§20§
entry§analyzeIdentifer§712706231231087829§analyzeAst§3322972591654782198§src\HieDUGraphGenerator.hs§33§1§src\HieDUGraphGenerator.hs§53§68§
entry§analyzeAst§4920950863146744434§analyzeAst§13843250340150377132§src\HieDUGraphGenerator.hs§42§1§src\HieDUGraphGenerator.hs§56§29§
entry§isMember§9275543197485519580§analyzeAst§4920950863146744434§src\HieDUGraphGenerator.hs§25§1§src\HieDUGraphGenerator.hs§59§22§
entry§getType§10674583737017120368§analyzeAst§4920950863146744434§src\HieDUGraphGenerator.hs§38§1§src\HieDUGraphGenerator.hs§51§20§
entry§convertToDefUse§10574474546958392718§convertToDefUses§8351420527629342043§src\HieDUGraphGenerator.hs§67§1§src\HieDUGraphGenerator.hs§85§62§
entry§analyzeAst§16263244808827120528§analyzeAst§4920950863146744434§src\HieDUGraphGenerator.hs§42§1§src\HieDUGraphGenerator.hs§56§29§
entry§isMember§17751072423970770069§analyzeAst§16263244808827120528§src\HieDUGraphGenerator.hs§25§1§src\HieDUGraphGenerator.hs§59§22§
entry§getType§4989143794577168975§analyzeAst§16263244808827120528§src\HieDUGraphGenerator.hs§38§1§src\HieDUGraphGenerator.hs§51§20§
entry§convertToDefUse§7286398497431187442§convertToDefUse§10574474546958392718§src\HieDUGraphGenerator.hs§67§1§src\HieDUGraphGenerator.hs§80§60§
entry§analyzeAst§8497071936541180416§analyzeAst§16263244808827120528§src\HieDUGraphGenerator.hs§42§1§src\HieDUGraphGenerator.hs§56§29§
entry§isMember§2975955967246249018§analyzeAst§8497071936541180416§src\HieDUGraphGenerator.hs§25§1§src\HieDUGraphGenerator.hs§59§22§
entry§getType§15215719848102770397§analyzeAst§8497071936541180416§src\HieDUGraphGenerator.hs§38§1§src\HieDUGraphGenerator.hs§51§20§
entry§analyzeIdentifer§6425629500603317780§analyzeAst§8497071936541180416§src\HieDUGraphGenerator.hs§33§1§src\HieDUGraphGenerator.hs§53§68§
entry§analyzeAst§17638611150530896568§analyzeAst§16263244808827120528§src\HieDUGraphGenerator.hs§42§1§src\HieDUGraphGenerator.hs§56§29§
entry§isMember§4035655814751811899§analyzeAst§17638611150530896568§src\HieDUGraphGenerator.hs§25§1§src\HieDUGraphGenerator.hs§59§22§
entry§getType§14055836421366634774§analyzeAst§17638611150530896568§src\HieDUGraphGenerator.hs§38§1§src\HieDUGraphGenerator.hs§51§20§
entry§analyzeIdentifer§10016361971554426199§analyzeAst§17638611150530896568§src\HieDUGraphGenerator.hs§33§1§src\HieDUGraphGenerator.hs§53§68§
entry§analyzeAst§6883951382117563178§analyzeAst§16263244808827120528§src\HieDUGraphGenerator.hs§42§1§src\HieDUGraphGenerator.hs§56§29§
entry§isMember§3247568210227494180§analyzeAst§6883951382117563178§src\HieDUGraphGenerator.hs§25§1§src\HieDUGraphGenerator.hs§59§22§
entry§getType§5999263735317984285§analyzeAst§6883951382117563178§src\HieDUGraphGenerator.hs§38§1§src\HieDUGraphGenerator.hs§51§20§
entry§analyzeIdentifer§7239189297774433953§analyzeAst§6883951382117563178§src\HieDUGraphGenerator.hs§33§1§src\HieDUGraphGenerator.hs§53§68§
entry§analyzeAst§2657097946055802375§analyzeAst§13843250340150377132§src\HieDUGraphGenerator.hs§42§1§src\HieDUGraphGenerator.hs§56§29§
entry§isMember§15987626926070203701§analyzeAst§2657097946055802375§src\HieDUGraphGenerator.hs§25§1§src\HieDUGraphGenerator.hs§59§22§
entry§getType§14781922404575078688§analyzeAst§2657097946055802375§src\HieDUGraphGenerator.hs§38§1§src\HieDUGraphGenerator.hs§51§20§
entry§convertToDefUse§3239677433873474517§convertToDefUses§8351420527629342043§src\HieDUGraphGenerator.hs§67§1§src\HieDUGraphGenerator.hs§85§62§
entry§analyzeAst§16769486093983313254§analyzeAst§2657097946055802375§src\HieDUGraphGenerator.hs§42§1§src\HieDUGraphGenerator.hs§56§29§
entry§isMember§4238427330240427952§analyzeAst§16769486093983313254§src\HieDUGraphGenerator.hs§25§1§src\HieDUGraphGenerator.hs§59§22§
entry§getType§4190081026321533417§analyzeAst§16769486093983313254§src\HieDUGraphGenerator.hs§38§1§src\HieDUGraphGenerator.hs§51§20§
entry§analyzeIdentifer§17307170450701520783§analyzeAst§16769486093983313254§src\HieDUGraphGenerator.hs§33§1§src\HieDUGraphGenerator.hs§53§68§
entry§convertToDefUse§15537109089903743371§convertToDefUse§3239677433873474517§src\HieDUGraphGenerator.hs§67§1§src\HieDUGraphGenerator.hs§78§58§
entry§convertToDefUse§14948113880857485258§convertToDefUse§7286398497431187442§src\HieDUGraphGenerator.hs§67§1§src\HieDUGraphGenerator.hs§79§60§
entry§convertToDefUse§13296318534436344529§convertToDefUse§7286398497431187442§src\HieDUGraphGenerator.hs§67§1§src\HieDUGraphGenerator.hs§79§60§
entry§convertToDefUse§12291643252952082912§convertToDefUse§7286398497431187442§src\HieDUGraphGenerator.hs§67§1§src\HieDUGraphGenerator.hs§79§60§
entry§convertToDefUse§15087057439745942851§convertToDefUses§8351420527629342043§src\HieDUGraphGenerator.hs§67§1§src\HieDUGraphGenerator.hs§85§62§
entry§convertToDefUses§8596691076980238619§convertToDefUse§1943249027010167648§src\HieDUGraphGenerator.hs§85§1§src\HieDUGraphGenerator.hs§72§99§
entry§analyzeAst§642010917039119688§analyzeAst§3914628940200739344§src\HieDUGraphGenerator.hs§42§1§src\HieDUGraphGenerator.hs§56§29§
entry§isMember§11448358788322653108§analyzeAst§642010917039119688§src\HieDUGraphGenerator.hs§25§1§src\HieDUGraphGenerator.hs§59§22§
entry§getType§15654541287232503812§analyzeAst§642010917039119688§src\HieDUGraphGenerator.hs§38§1§src\HieDUGraphGenerator.hs§51§20§
entry§analyzeIdentifer§3001087109051563002§analyzeAst§642010917039119688§src\HieDUGraphGenerator.hs§33§1§src\HieDUGraphGenerator.hs§53§68§
entry§analyzeAst§16810027364288305418§analyzeAst§3914628940200739344§src\HieDUGraphGenerator.hs§42§1§src\HieDUGraphGenerator.hs§56§29§
entry§isMember§2786679958486636100§analyzeAst§16810027364288305418§src\HieDUGraphGenerator.hs§25§1§src\HieDUGraphGenerator.hs§59§22§
entry§getType§4958737604908296015§analyzeAst§16810027364288305418§src\HieDUGraphGenerator.hs§38§1§src\HieDUGraphGenerator.hs§51§20§
entry§convertToDefUse§16336013416491771495§convertToDefUses§8596691076980238619§src\HieDUGraphGenerator.hs§67§1§src\HieDUGraphGenerator.hs§85§62§
entry§analyzeAst§14039164568051776326§analyzeAst§16810027364288305418§src\HieDUGraphGenerator.hs§42§1§src\HieDUGraphGenerator.hs§56§29§
entry§isMember§12740946454180323292§analyzeAst§14039164568051776326§src\HieDUGraphGenerator.hs§25§1§src\HieDUGraphGenerator.hs§59§22§
entry§getType§3598953603407734350§analyzeAst§14039164568051776326§src\HieDUGraphGenerator.hs§38§1§src\HieDUGraphGenerator.hs§51§20§
entry§convertToDefUse§387920840540918729§convertToDefUse§16336013416491771495§src\HieDUGraphGenerator.hs§67§1§src\HieDUGraphGenerator.hs§78§58§
entry§convertToDefUse§11921212329537350756§convertToDefUses§8596691076980238619§src\HieDUGraphGenerator.hs§67§1§src\HieDUGraphGenerator.hs§85§62§
entry§convertToDefUses§1322382423031829221§convertToDefUse§387920840540918729§src\HieDUGraphGenerator.hs§85§1§src\HieDUGraphGenerator.hs§74§99§
entry§analyzeAst§6594346846487809439§analyzeAst§14039164568051776326§src\HieDUGraphGenerator.hs§42§1§src\HieDUGraphGenerator.hs§56§29§
entry§isMember§15934717084668266688§analyzeAst§6594346846487809439§src\HieDUGraphGenerator.hs§25§1§src\HieDUGraphGenerator.hs§59§22§
entry§getType§1874062971455303885§analyzeAst§6594346846487809439§src\HieDUGraphGenerator.hs§38§1§src\HieDUGraphGenerator.hs§51§20§
entry§analyzeIdentifer§15543866542251370519§analyzeAst§6594346846487809439§src\HieDUGraphGenerator.hs§33§1§src\HieDUGraphGenerator.hs§53§68§
entry§analyzeIdentifer§15707779720181670521§analyzeAst§6594346846487809439§src\HieDUGraphGenerator.hs§33§1§src\HieDUGraphGenerator.hs§53§68§
entry§analyzeAst§6794019610922520069§analyzeAst§14039164568051776326§src\HieDUGraphGenerator.hs§42§1§src\HieDUGraphGenerator.hs§56§29§
entry§isMember§11958036313909742156§analyzeAst§6794019610922520069§src\HieDUGraphGenerator.hs§25§1§src\HieDUGraphGenerator.hs§59§22§
entry§getType§1404812687542448801§analyzeAst§6794019610922520069§src\HieDUGraphGenerator.hs§38§1§src\HieDUGraphGenerator.hs§51§20§
entry§analyzeIdentifer§11926685855087878097§analyzeAst§6794019610922520069§src\HieDUGraphGenerator.hs§33§1§src\HieDUGraphGenerator.hs§53§68§
entry§convertToDefUse§12841930187106544690§convertToDefUses§1322382423031829221§src\HieDUGraphGenerator.hs§67§1§src\HieDUGraphGenerator.hs§85§62§
entry§analyzeAst§10198690929467704504§analyzeAst§14039164568051776326§src\HieDUGraphGenerator.hs§42§1§src\HieDUGraphGenerator.hs§56§29§
entry§isMember§16783987908623689919§analyzeAst§10198690929467704504§src\HieDUGraphGenerator.hs§25§1§src\HieDUGraphGenerator.hs§59§22§
entry§getType§15869826324311456781§analyzeAst§10198690929467704504§src\HieDUGraphGenerator.hs§38§1§src\HieDUGraphGenerator.hs§51§20§
entry§convertToDefUse§6268247954806751069§convertToDefUses§1322382423031829221§src\HieDUGraphGenerator.hs§67§1§src\HieDUGraphGenerator.hs§85§62§
entry§convertToDefUse§7330451617924228048§convertToDefUses§1322382423031829221§src\HieDUGraphGenerator.hs§67§1§src\HieDUGraphGenerator.hs§85§62§
entry§convertToDefUses§6634429343550414669§convertToDefUse§6268247954806751069§src\HieDUGraphGenerator.hs§85§1§src\HieDUGraphGenerator.hs§74§99§
entry§analyzeAst§5258357300348848701§analyzeAst§10198690929467704504§src\HieDUGraphGenerator.hs§42§1§src\HieDUGraphGenerator.hs§56§29§
entry§isMember§4236971667962098979§analyzeAst§5258357300348848701§src\HieDUGraphGenerator.hs§25§1§src\HieDUGraphGenerator.hs§59§22§
entry§getType§9999720677722313894§analyzeAst§5258357300348848701§src\HieDUGraphGenerator.hs§38§1§src\HieDUGraphGenerator.hs§51§20§
entry§analyzeIdentifer§5804334052181250594§analyzeAst§5258357300348848701§src\HieDUGraphGenerator.hs§33§1§src\HieDUGraphGenerator.hs§53§68§
entry§analyzeIdentifer§3032315786560589407§analyzeAst§5258357300348848701§src\HieDUGraphGenerator.hs§33§1§src\HieDUGraphGenerator.hs§53§68§
entry§analyzeAst§6676912304243715692§analyzeAst§10198690929467704504§src\HieDUGraphGenerator.hs§42§1§src\HieDUGraphGenerator.hs§56§29§
entry§isMember§3424040151909606406§analyzeAst§6676912304243715692§src\HieDUGraphGenerator.hs§25§1§src\HieDUGraphGenerator.hs§59§22§
entry§getType§18117785276809506245§analyzeAst§6676912304243715692§src\HieDUGraphGenerator.hs§38§1§src\HieDUGraphGenerator.hs§51§20§
entry§convertToDefUse§6428215910310845640§convertToDefUses§6634429343550414669§src\HieDUGraphGenerator.hs§67§1§src\HieDUGraphGenerator.hs§85§62§
entry§convertToDefUse§10257893759456801302§convertToDefUses§6634429343550414669§src\HieDUGraphGenerator.hs§67§1§src\HieDUGraphGenerator.hs§85§62§
